<?xml version="1.0" encoding="UTF-8"?>
<!-- Generated by org.testng.reporters.JUnitXMLReporter -->
<testsuite hostname="administrator-Latitude-3490" ignored="0" name="Successful Transaction Test" tests="2" failures="0" timestamp="2019-08-12T11:54:09 IST" time="65.658" errors="0">
  <testcase name="feature" time="35.605" classname="cucumber.api.testng.AbstractTestNGCucumberTests"/>
  <testcase name="feature" time="29.651" classname="cucumber.api.testng.AbstractTestNGCucumberTests"/>
</testsuite> <!-- Successful Transaction Test -->
