<?xml version="1.0" encoding="UTF-8"?>
<testng-results skipped="0" failed="0" ignored="0" total="2" passed="2">
  <reporter-output>
  </reporter-output>
  <suite name="Suite" duration-ms="65658" started-at="2019-08-12T11:53:03 IST" finished-at="2019-08-12T11:54:08 IST">
    <groups>
      <group name="cucumber">
        <method signature="AbstractTestNGCucumberTests.feature(cucumber.api.testng.CucumberFeatureWrapper)[pri:0, instance:CucumberOptions.TestRunner@670b40af]" name="feature" class="cucumber.api.testng.AbstractTestNGCucumberTests"/>
      </group> <!-- cucumber -->
    </groups>
    <test name="Successful Transaction Test" duration-ms="65658" started-at="2019-08-12T11:53:03 IST" finished-at="2019-08-12T11:54:08 IST">
      <class name="CucumberOptions.TestRunner">
        <test-method status="PASS" signature="setUpClass()[pri:0, instance:CucumberOptions.TestRunner@670b40af]" name="setUpClass" is-config="true" duration-ms="180" started-at="2019-08-12T11:53:03 IST" finished-at="2019-08-12T11:53:03 IST">
          <reporter-output>
          </reporter-output>
        </test-method> <!-- setUpClass -->
        <test-method status="PASS" signature="feature(cucumber.api.testng.CucumberFeatureWrapper)[pri:0, instance:CucumberOptions.TestRunner@670b40af]" name="feature" duration-ms="35605" started-at="2019-08-12T11:53:03 IST" description="Runs Cucumber Feature" data-provider="features" finished-at="2019-08-12T11:53:39 IST">
          <params>
            <param index="0">
              <value>
                <![CDATA[Launching Web Application]]>
              </value>
            </param>
          </params>
          <reporter-output>
          </reporter-output>
        </test-method> <!-- feature -->
        <test-method status="PASS" signature="feature(cucumber.api.testng.CucumberFeatureWrapper)[pri:0, instance:CucumberOptions.TestRunner@670b40af]" name="feature" duration-ms="29651" started-at="2019-08-12T11:53:39 IST" description="Runs Cucumber Feature" data-provider="features" finished-at="2019-08-12T11:54:08 IST">
          <params>
            <param index="0">
              <value>
                <![CDATA[Launching Web Application]]>
              </value>
            </param>
          </params>
          <reporter-output>
          </reporter-output>
        </test-method> <!-- feature -->
        <test-method status="PASS" signature="tearDownClass()[pri:0, instance:CucumberOptions.TestRunner@670b40af]" name="tearDownClass" is-config="true" duration-ms="3" started-at="2019-08-12T11:54:08 IST" finished-at="2019-08-12T11:54:08 IST">
          <reporter-output>
          </reporter-output>
        </test-method> <!-- tearDownClass -->
      </class> <!-- CucumberOptions.TestRunner -->
    </test> <!-- Successful Transaction Test -->
  </suite> <!-- Suite -->
</testng-results>
